<?xml version="1.0" encoding="UTF-8"?>
<!-- Generated by org.testng.reporters.JUnitXMLReporter -->
<testsuite hostname="Jennifer-PC" ignored="0" name="Test" tests="4" failures="0" timestamp="2020-08-29T18:19:39 EDT" time="109.771" errors="0">
  <testcase name="basePageNavigation" time="8.255" classname="TestCases.HomePageImplemantationTest"/>
  <testcase name="basePageNavigation" time="8.34" classname="TestCases.HomePageImplemantationTest"/>
  <testcase name="basePageNavigation" time="5.962" classname="TestCases.HomePageTextValidationTest"/>
  <testcase name="basePageNavigation" time="6.187" classname="TestCases.HomePageNavigationBarValidationTest"/>
</testsuite> <!-- Test -->
