<?xml version="1.0" encoding="UTF-8"?>
<testng-results skipped="0" failed="0" ignored="0" total="1" passed="1">
  <reporter-output>
  </reporter-output>
  <suite name="Suite" duration-ms="135978" started-at="2020-09-09T21:04:36 EDT" finished-at="2020-09-09T21:06:52 EDT">
    <groups>
      <group name="cucumber">
        <method signature="AbstractTestNGCucumberTests.feature(cucumber.api.testng.CucumberFeatureWrapper)[pri:0, instance:CucumberOptions.TestRunner@78e94dcf]" name="feature" class="cucumber.api.testng.AbstractTestNGCucumberTests"/>
      </group> <!-- cucumber -->
    </groups>
    <test name="Validating user login" duration-ms="135978" started-at="2020-09-09T21:04:36 EDT" finished-at="2020-09-09T21:06:52 EDT">
      <class name="CucumberOptions.TestRunner">
        <test-method status="PASS" signature="setUpClass()[pri:0, instance:CucumberOptions.TestRunner@78e94dcf]" name="setUpClass" is-config="true" duration-ms="381" started-at="2020-09-09T21:04:36 EDT" finished-at="2020-09-09T21:04:36 EDT">
          <reporter-output>
          </reporter-output>
        </test-method> <!-- setUpClass -->
        <test-method status="PASS" signature="feature(cucumber.api.testng.CucumberFeatureWrapper)[pri:0, instance:CucumberOptions.TestRunner@78e94dcf]" name="feature" duration-ms="135332" started-at="2020-09-09T21:04:36 EDT" description="Runs Cucumber Feature" data-provider="features" finished-at="2020-09-09T21:06:52 EDT">
          <params>
            <param index="0">
              <value>
                <![CDATA[Log in to Application]]>
              </value>
            </param>
          </params>
          <reporter-output>
          </reporter-output>
        </test-method> <!-- feature -->
        <test-method status="PASS" signature="tearDownClass()[pri:0, instance:CucumberOptions.TestRunner@78e94dcf]" name="tearDownClass" is-config="true" duration-ms="39" started-at="2020-09-09T21:06:52 EDT" finished-at="2020-09-09T21:06:52 EDT">
          <reporter-output>
          </reporter-output>
        </test-method> <!-- tearDownClass -->
      </class> <!-- CucumberOptions.TestRunner -->
    </test> <!-- Validating user login -->
  </suite> <!-- Suite -->
</testng-results>
