<?xml version="1.0" encoding="UTF-8"?>
<!-- Generated by org.testng.reporters.JUnitXMLReporter -->
<testsuite hostname="Jennifer-PC" ignored="0" name="Test" tests="4" failures="0" timestamp="2020-08-30T22:57:34 EDT" time="155.663" errors="0">
  <testcase name="basePageNavigation" time="19.571" classname="TestCases.HomePageImplemantationTest"/>
  <testcase name="basePageNavigation" time="8.376" classname="TestCases.HomePageImplemantationTest"/>
  <testcase name="basePageNavigation" time="4.638" classname="TestCases.HomePageTextValidationTest"/>
  <testcase name="basePageNavigation" time="6.074" classname="TestCases.HomePageNavigationBarValidationTest"/>
</testsuite> <!-- Test -->
